# JRE version: OpenJDK Runtime Environment (11.0.4+11) (build 11.0.4+11-post-Ubuntu-1ubuntu218.04.3)
# Java VM: OpenJDK 64-Bit Server VM (11.0.4+11-post-Ubuntu-1ubuntu218.04.3, mixed mode, sharing, tiered, compressed oops, g1 gc, linux-amd64)
Heap:
 garbage-first heap   total 314368K, used 99459K [0x0000000082e00000, 0x0000000100000000)
  region size 1024K, 32 young (32768K), 1 survivors (1024K)
 Metaspace       used 5675K, capacity 7707K, committed 7808K, reserved 1056768K
  class space    used 634K, capacity 863K, committed 896K, reserved 1048576K
GC Heap History (10 events):
Event: 0.456 GC heap before
{Heap before GC invocations=0 (full 0):
 garbage-first heap   total 131072K, used 25208K [0x0000000082e00000, 0x0000000100000000)
  region size 1024K, 24 young (24576K), 0 survivors (0K)
 Metaspace       used 1779K, capacity 5094K, committed 5376K, reserved 1056768K
  class space    used 197K, capacity 483K, committed 512K, reserved 1048576K
}
Event: 0.470 GC heap after
{Heap after GC invocations=1 (full 0):
 garbage-first heap   total 131072K, used 22286K [0x0000000082e00000, 0x0000000100000000)
  region size 1024K, 3 young (3072K), 3 survivors (3072K)
 Metaspace       used 1779K, capacity 5094K, committed 5376K, reserved 1056768K
  class space    used 197K, capacity 483K, committed 512K, reserved 1048576K
}
Event: 0.579 GC heap before
{Heap before GC invocations=1 (full 0):
 garbage-first heap   total 131072K, used 34574K [0x0000000082e00000, 0x0000000100000000)
  region size 1024K, 16 young (16384K), 3 survivors (3072K)
 Metaspace       used 1780K, capacity 5094K, committed 5376K, reserved 1056768K
  class space    used 197K, capacity 483K, committed 512K, reserved 1048576K
}
Event: 0.593 GC heap after
{Heap after GC invocations=2 (full 0):
 garbage-first heap   total 131072K, used 35472K [0x0000000082e00000, 0x0000000100000000)
  region size 1024K, 2 young (2048K), 2 survivors (2048K)
 Metaspace       used 1780K, capacity 5094K, committed 5376K, reserved 1056768K
  class space    used 197K, capacity 483K, committed 512K, reserved 1048576K
}
Event: 0.792 GC heap before
{Heap before GC invocations=2 (full 0):
 garbage-first heap   total 131072K, used 61072K [0x0000000082e00000, 0x0000000100000000)
  region size 1024K, 27 young (27648K), 2 survivors (2048K)
 Metaspace       used 1780K, capacity 5094K, committed 5376K, reserved 1056768K
  class space    used 197K, capacity 483K, committed 512K, reserved 1048576K
}
Event: 0.807 GC heap after
{Heap after GC invocations=3 (full 0):
 garbage-first heap   total 131072K, used 60842K [0x0000000082e00000, 0x0000000100000000)
  region size 1024K, 4 young (4096K), 4 survivors (4096K)
 Metaspace       used 1780K, capacity 5094K, committed 5376K, reserved 1056768K
  class space    used 197K, capacity 483K, committed 512K, reserved 1048576K
}
Event: 0.853 GC heap before
{Heap before GC invocations=3 (full 0):
 garbage-first heap   total 131072K, used 66986K [0x0000000082e00000, 0x0000000100000000)
  region size 1024K, 11 young (11264K), 4 survivors (4096K)
 Metaspace       used 1780K, capacity 5094K, committed 5376K, reserved 1056768K
  class space    used 197K, capacity 483K, committed 512K, reserved 1048576K
}
Event: 0.860 GC heap after
{Heap after GC invocations=4 (full 0):
 garbage-first heap   total 131072K, used 67801K [0x0000000082e00000, 0x0000000100000000)
  region size 1024K, 3 young (3072K), 3 survivors (3072K)
 Metaspace       used 1780K, capacity 5094K, committed 5376K, reserved 1056768K
  class space    used 197K, capacity 483K, committed 512K, reserved 1048576K
}
Event: 3.614 GC heap before
{Heap before GC invocations=5 (full 0):
 garbage-first heap   total 197632K, used 148697K [0x0000000082e00000, 0x0000000100000000)
  region size 1024K, 17 young (17408K), 3 survivors (3072K)
 Metaspace       used 5653K, capacity 7701K, committed 7808K, reserved 1056768K
  class space    used 634K, capacity 862K, committed 896K, reserved 1048576K
}
Event: 3.626 GC heap after
{Heap after GC invocations=6 (full 0):
 garbage-first heap   total 314368K, used 68739K [0x0000000082e00000, 0x0000000100000000)
  region size 1024K, 1 young (1024K), 1 survivors (1024K)
 Metaspace       used 5653K, capacity 7701K, committed 7808K, reserved 1056768K
  class space    used 634K, capacity 862K, committed 896K, reserved 1048576K
}

