# JRE version: OpenJDK Runtime Environment (11.0.3+7) (build 11.0.3+7-Ubuntu-1ubuntu218.10.1)
# Java VM: OpenJDK 64-Bit Server VM (11.0.3+7-Ubuntu-1ubuntu218.10.1, mixed mode, sharing, tiered, compressed oops, g1 gc, linux-amd64)
Heap:
 garbage-first heap   total 258048K, used 143589K [0x0000000707a00000, 0x0000000800000000)
  region size 1024K, 15 young (15360K), 5 survivors (5120K)
 Metaspace       used 5058K, capacity 7474K, committed 7808K, reserved 1056768K
  class space    used 562K, capacity 829K, committed 896K, reserved 1048576K
GC Heap History (8 events):
Event: 0.209 GC heap before
{Heap before GC invocations=0 (full 0):
 garbage-first heap   total 258048K, used 25212K [0x0000000707a00000, 0x0000000800000000)
  region size 1024K, 24 young (24576K), 0 survivors (0K)
 Metaspace       used 1768K, capacity 5094K, committed 5376K, reserved 1056768K
  class space    used 197K, capacity 483K, committed 512K, reserved 1048576K
}
Event: 0.215 GC heap after
{Heap after GC invocations=1 (full 0):
 garbage-first heap   total 258048K, used 22218K [0x0000000707a00000, 0x0000000800000000)
  region size 1024K, 3 young (3072K), 3 survivors (3072K)
 Metaspace       used 1768K, capacity 5094K, committed 5376K, reserved 1056768K
  class space    used 197K, capacity 483K, committed 512K, reserved 1048576K
}
Event: 0.227 GC heap before
{Heap before GC invocations=1 (full 0):
 garbage-first heap   total 258048K, used 34506K [0x0000000707a00000, 0x0000000800000000)
  region size 1024K, 16 young (16384K), 3 survivors (3072K)
 Metaspace       used 1769K, capacity 5094K, committed 5376K, reserved 1056768K
  class space    used 197K, capacity 483K, committed 512K, reserved 1048576K
}
Event: 0.232 GC heap after
{Heap after GC invocations=2 (full 0):
 garbage-first heap   total 258048K, used 35390K [0x0000000707a00000, 0x0000000800000000)
  region size 1024K, 2 young (2048K), 2 survivors (2048K)
 Metaspace       used 1769K, capacity 5094K, committed 5376K, reserved 1056768K
  class space    used 197K, capacity 483K, committed 512K, reserved 1048576K
}
Event: 0.265 GC heap before
{Heap before GC invocations=2 (full 0):
 garbage-first heap   total 258048K, used 63038K [0x0000000707a00000, 0x0000000800000000)
  region size 1024K, 29 young (29696K), 2 survivors (2048K)
 Metaspace       used 1769K, capacity 5094K, committed 5376K, reserved 1056768K
  class space    used 197K, capacity 483K, committed 512K, reserved 1048576K
}
Event: 0.270 GC heap after
{Heap after GC invocations=3 (full 0):
 garbage-first heap   total 258048K, used 62797K [0x0000000707a00000, 0x0000000800000000)
  region size 1024K, 4 young (4096K), 4 survivors (4096K)
 Metaspace       used 1769K, capacity 5094K, committed 5376K, reserved 1056768K
  class space    used 197K, capacity 483K, committed 512K, reserved 1048576K
}
Event: 0.274 GC heap before
{Heap before GC invocations=3 (full 0):
 garbage-first heap   total 258048K, used 66893K [0x0000000707a00000, 0x0000000800000000)
  region size 1024K, 9 young (9216K), 4 survivors (4096K)
 Metaspace       used 1769K, capacity 5094K, committed 5376K, reserved 1056768K
  class space    used 197K, capacity 483K, committed 512K, reserved 1048576K
}
Event: 0.278 GC heap after
{Heap after GC invocations=4 (full 0):
 garbage-first heap   total 258048K, used 67813K [0x0000000707a00000, 0x0000000800000000)
  region size 1024K, 5 young (5120K), 5 survivors (5120K)
 Metaspace       used 1769K, capacity 5094K, committed 5376K, reserved 1056768K
  class space    used 197K, capacity 483K, committed 512K, reserved 1048576K
}

